2025-08-22 09:31:40,545 - __main__ - INFO - Redis database connection successful
2025-08-22 09:31:40,553 - __main__ - INFO - Starting FastAPI Forex Factory Scraper on port 8000...
2025-08-22 09:31:41,865 - backend - INFO - Redis database connection successful
2025-08-22 09:31:41,872 - backend - INFO - Starting Forex Factory Scraper API...
2025-08-22 09:31:41,873 - backend - INFO - Redis database connection established
2025-08-22 09:31:41,873 - backend - INFO - Loading paraphrase model...
2025-08-22 09:31:41,875 - sentence_transformers.SentenceTransformer - INFO - Use pytorch device_name: cpu
2025-08-22 09:31:41,875 - sentence_transformers.SentenceTransformer - INFO - Load pretrained SentenceTransformer: sentence-transformers/paraphrase-MiniLM-L3-v2
2025-08-22 09:31:46,350 - backend - INFO - Paraphrase model loaded successfully
2025-08-22 09:44:47,889 - __main__ - INFO - Redis database connection successful
2025-08-22 09:44:47,897 - __main__ - INFO - Starting FastAPI Forex Factory Scraper on port 8000...
2025-08-22 09:44:49,216 - backend - INFO - Redis database connection successful
2025-08-22 09:44:49,222 - backend - INFO - Starting Forex Factory Scraper API...
2025-08-22 09:44:49,223 - backend - INFO - Redis database connection established
2025-08-22 09:44:49,223 - backend - INFO - Loading paraphrase model...
2025-08-22 09:44:49,226 - sentence_transformers.SentenceTransformer - INFO - Use pytorch device_name: cpu
2025-08-22 09:44:49,227 - sentence_transformers.SentenceTransformer - INFO - Load pretrained SentenceTransformer: sentence-transformers/paraphrase-MiniLM-L3-v2
2025-08-22 09:44:52,953 - backend - INFO - Paraphrase model loaded successfully
2025-08-22 09:45:06,254 - backend - INFO - GET /health - 200 - 0.252s
2025-08-22 09:45:06,515 - backend - INFO - GET /health - 200 - 0.253s
2025-08-22 09:45:07,032 - backend - INFO - GET /database/info - 200 - 0.510s
2025-08-22 09:45:31,024 - backend - INFO - PROCESSING REQUEST: 2025-06-28 to 2025-06-28 (original)
2025-08-22 09:45:31,281 - backend - INFO - Database HIT for 2025-06-28 (original): 1 events
2025-08-22 09:45:31,281 - backend - INFO - Database analysis for 2025-06-28 to 2025-06-28: 1 existing, 0 missing
2025-08-22 09:45:31,282 - backend - INFO - DATABASE ANALYSIS: Existing dates: ['2025-06-28'], Missing dates: [], Existing events: 1
2025-08-22 09:45:31,283 - backend - INFO - RESPONSE: 1 events from database in 259ms
2025-08-22 09:45:31,283 - backend - INFO - GET /events - 200 - 0.261s
2025-08-22 09:46:01,101 - backend - INFO - PROCESSING REQUEST: 2025-06-28 to 2025-06-29 (original)
2025-08-22 09:46:01,354 - backend - INFO - Database HIT for 2025-06-28 (original): 1 events
2025-08-22 09:46:01,608 - backend - INFO - Database MISS for 2025-06-29 (original)
2025-08-22 09:46:01,609 - backend - INFO - Database analysis for 2025-06-28 to 2025-06-29: 1 existing, 1 missing
2025-08-22 09:46:01,609 - backend - INFO - DATABASE ANALYSIS: Existing dates: ['2025-06-28'], Missing dates: ['2025-06-29'], Existing events: 1
2025-08-22 09:46:01,609 - backend - INFO - SCRAPING MISSING DATES: ['2025-06-29']
2025-08-22 09:46:02,287 - websocket - INFO - Websocket connected
2025-08-22 09:46:02,291 - websocket - INFO - Websocket connected
2025-08-22 09:46:02,364 - backend - INFO - SCRAPER: Scraping date: 2025-06-29
2025-08-22 09:46:02,365 - backend - INFO - SCRAPER: Scraping URL (attempt 1): https://www.forexfactory.com/calendar?day=jun29.2025
2025-08-22 09:46:11,854 - backend - INFO - SCRAPER: No calendar table found for 2025-06-29
2025-08-22 09:46:16,866 - backend - INFO - SCRAPER: Scraping URL (attempt 2): https://www.forexfactory.com/calendar?day=jun29.2025
2025-08-22 09:46:23,725 - backend - INFO - SCRAPER: No calendar table found for 2025-06-29
2025-08-22 09:46:28,727 - backend - INFO - SCRAPER: Scraping URL (attempt 3): https://www.forexfactory.com/calendar?day=jun29.2025
2025-08-22 09:46:33,778 - backend - INFO - SCRAPER: No calendar table found for 2025-06-29
2025-08-22 09:46:38,070 - backend - INFO - SCRAPER: Found 2 rows using selector: tr.calendar__row:not(.calendar__details)
2025-08-22 09:46:38,071 - backend - INFO - SCRAPER: Processing 2 rows for 2025-06-29
2025-08-22 09:50:22,577 - backend - INFO - SCRAPER: Successfully scraped 0 events for 2025-06-29
2025-08-22 09:50:25,892 - websocket - ERROR - Connection to remote host was lost. - goodbye
2025-08-22 09:50:26,771 - backend - INFO - SCRAPED: 0 events for missing dates
2025-08-22 09:50:26,771 - backend - INFO - RESPONSE: 1 events from hybrid in 265669ms
2025-08-22 09:50:26,773 - backend - INFO - GET /events - 200 - 265.672s
2025-08-22 09:50:27,289 - backend - INFO - GET /health - 200 - 0.513s
2025-08-22 09:50:27,545 - backend - INFO - GET /health - 200 - 0.253s
2025-08-22 09:50:27,805 - backend - INFO - GET /health - 200 - 0.251s
2025-08-22 09:50:28,335 - backend - INFO - GET /database/info - 200 - 0.522s
2025-08-22 09:53:14,725 - backend - INFO - PROCESSING REQUEST: 2025-06-28 to 2025-06-29 (original)
2025-08-22 09:53:15,231 - backend - INFO - Database HIT for 2025-06-28 (original): 1 events
2025-08-22 09:53:15,483 - backend - INFO - Database MISS for 2025-06-29 (original)
2025-08-22 09:53:15,484 - backend - INFO - Database analysis for 2025-06-28 to 2025-06-29: 1 existing, 1 missing
2025-08-22 09:53:15,484 - backend - INFO - DATABASE ANALYSIS: Existing dates: ['2025-06-28'], Missing dates: ['2025-06-29'], Existing events: 1
2025-08-22 09:53:15,484 - backend - INFO - SCRAPING MISSING DATES: ['2025-06-29']
2025-08-22 09:53:16,070 - websocket - INFO - Websocket connected
2025-08-22 09:53:16,075 - websocket - INFO - Websocket connected
2025-08-22 09:53:16,089 - backend - INFO - SCRAPER: Scraping date: 2025-06-29
2025-08-22 09:53:16,090 - backend - INFO - SCRAPER: Scraping URL (attempt 1): https://www.forexfactory.com/calendar?day=jun29.2025
2025-08-22 09:53:24,192 - backend - INFO - SCRAPER: No calendar table found for 2025-06-29
2025-08-22 09:53:29,199 - backend - INFO - SCRAPER: Scraping URL (attempt 2): https://www.forexfactory.com/calendar?day=jun29.2025
2025-08-22 09:53:36,269 - backend - INFO - SCRAPER: No calendar table found for 2025-06-29
2025-08-22 09:53:41,284 - backend - INFO - SCRAPER: Scraping URL (attempt 3): https://www.forexfactory.com/calendar?day=jun29.2025
2025-08-22 09:53:46,591 - backend - INFO - SCRAPER: No calendar table found for 2025-06-29
2025-08-22 09:53:51,317 - backend - INFO - SCRAPER: Found 2 rows using selector: tr.calendar__row:not(.calendar__details)
2025-08-22 09:53:51,317 - backend - INFO - SCRAPER: Processing 2 rows for 2025-06-29
2025-08-22 09:57:35,790 - backend - INFO - SCRAPER: Successfully scraped 0 events for 2025-06-29
2025-08-22 09:57:38,521 - websocket - ERROR - Connection to remote host was lost. - goodbye
2025-08-22 09:57:39,334 - backend - INFO - SCRAPED: 0 events for missing dates
2025-08-22 09:57:39,334 - backend - INFO - RESPONSE: 1 events from hybrid in 264609ms
2025-08-22 09:57:39,335 - backend - INFO - GET /events - 200 - 264.611s
2025-08-22 09:57:39,852 - backend - INFO - GET /health - 200 - 0.515s
2025-08-22 09:57:40,107 - backend - INFO - GET /health - 200 - 0.253s
2025-08-22 09:57:40,365 - backend - INFO - GET /health - 200 - 0.252s
2025-08-22 09:57:40,924 - backend - INFO - GET /database/info - 200 - 0.553s
2025-08-22 09:58:22,009 - backend - INFO - PROCESSING REQUEST: 2025-06-29 to 2025-06-29 (original)
2025-08-22 09:58:22,512 - backend - INFO - Database MISS for 2025-06-29 (original)
2025-08-22 09:58:22,513 - backend - INFO - Database analysis for 2025-06-29 to 2025-06-29: 0 existing, 1 missing
2025-08-22 09:58:22,513 - backend - INFO - DATABASE ANALYSIS: Existing dates: [], Missing dates: ['2025-06-29'], Existing events: 0
2025-08-22 09:58:22,513 - backend - INFO - SCRAPING MISSING DATES: ['2025-06-29']
2025-08-22 09:58:23,098 - websocket - INFO - Websocket connected
2025-08-22 09:58:23,102 - websocket - INFO - Websocket connected
2025-08-22 09:58:23,149 - backend - INFO - SCRAPER: Scraping date: 2025-06-29
2025-08-22 09:58:23,149 - backend - INFO - SCRAPER: Scraping URL (attempt 1): https://www.forexfactory.com/calendar?day=jun29.2025
2025-08-22 09:58:32,144 - backend - INFO - SCRAPER: No calendar table found for 2025-06-29
2025-08-22 09:58:37,148 - backend - INFO - SCRAPER: Scraping URL (attempt 2): https://www.forexfactory.com/calendar?day=jun29.2025
2025-08-22 09:58:43,421 - backend - INFO - SCRAPER: No calendar table found for 2025-06-29
2025-08-22 09:58:48,436 - backend - INFO - SCRAPER: Scraping URL (attempt 3): https://www.forexfactory.com/calendar?day=jun29.2025
2025-08-22 09:58:54,200 - backend - INFO - SCRAPER: No calendar table found for 2025-06-29
2025-08-22 09:58:58,789 - backend - INFO - SCRAPER: Found 2 rows using selector: tr.calendar__row:not(.calendar__details)
2025-08-22 09:58:58,790 - backend - INFO - SCRAPER: Processing 2 rows for 2025-06-29
2025-08-22 10:02:43,166 - backend - INFO - SCRAPER: Successfully scraped 0 events for 2025-06-29
2025-08-22 10:02:46,659 - websocket - ERROR - Connection to remote host was lost. - goodbye
2025-08-22 10:02:47,512 - backend - INFO - SCRAPED: 0 events for missing dates
2025-08-22 10:02:47,513 - backend - INFO - RESPONSE: 0 events from scrape in 265503ms
2025-08-22 10:02:47,515 - backend - INFO - GET /events - 200 - 265.506s
2025-08-22 10:02:47,517 - asyncio - ERROR - Exception in callback BaseProactorEventLoop._start_serving.<locals>.loop(<_OverlappedF...0.1', 49167))>) at C:\Users\HP\AppData\Local\Programs\Python\Python310\lib\asyncio\proactor_events.py:817
handle: <Handle BaseProactorEventLoop._start_serving.<locals>.loop(<_OverlappedF...0.1', 49167))>) at C:\Users\HP\AppData\Local\Programs\Python\Python310\lib\asyncio\proactor_events.py:817>
Traceback (most recent call last):
  File "C:\Users\HP\AppData\Local\Programs\Python\Python310\lib\asyncio\events.py", line 80, in _run
    self._context.run(self._callback, *self._args)
  File "C:\Users\HP\AppData\Local\Programs\Python\Python310\lib\asyncio\proactor_events.py", line 831, in loop
    self._make_socket_transport(
  File "C:\Users\HP\AppData\Local\Programs\Python\Python310\lib\asyncio\proactor_events.py", line 638, in _make_socket_transport
    return _ProactorSocketTransport(self, sock, protocol, waiter,
  File "C:\Users\HP\AppData\Local\Programs\Python\Python310\lib\asyncio\proactor_events.py", line 604, in __init__
    super().__init__(loop, sock, protocol, waiter, extra, server)
  File "C:\Users\HP\AppData\Local\Programs\Python\Python310\lib\asyncio\proactor_events.py", line 185, in __init__
    super().__init__(loop, sock, protocol, waiter, extra, server)
  File "C:\Users\HP\AppData\Local\Programs\Python\Python310\lib\asyncio\proactor_events.py", line 330, in __init__
    super().__init__(*args, **kw)
  File "C:\Users\HP\AppData\Local\Programs\Python\Python310\lib\asyncio\proactor_events.py", line 65, in __init__
    self._server._attach()
  File "C:\Users\HP\AppData\Local\Programs\Python\Python310\lib\asyncio\base_events.py", line 292, in _attach
    assert self._sockets is not None
AssertionError
2025-08-22 10:17:34,985 - __main__ - INFO - Redis database connection successful
2025-08-22 10:17:34,998 - __main__ - INFO - Starting FastAPI Forex Factory Scraper on port 8000...
2025-08-22 10:17:36,923 - backend - INFO - Redis database connection successful
2025-08-22 10:17:36,929 - backend - INFO - Starting Forex Factory Scraper API...
2025-08-22 10:17:36,929 - backend - INFO - Redis database connection established
2025-08-22 10:17:36,930 - backend - INFO - Loading paraphrase model...
2025-08-22 10:17:36,934 - sentence_transformers.SentenceTransformer - INFO - Use pytorch device_name: cpu
2025-08-22 10:17:36,934 - sentence_transformers.SentenceTransformer - INFO - Load pretrained SentenceTransformer: sentence-transformers/paraphrase-MiniLM-L3-v2
2025-08-22 10:17:41,104 - backend - INFO - Paraphrase model loaded successfully
2025-08-22 10:18:01,658 - backend - INFO - GET /health - 200 - 0.270s
2025-08-22 10:18:02,199 - backend - INFO - GET /database/info - 200 - 0.534s
2025-08-22 10:18:21,166 - backend - INFO - GET /health - 200 - 0.265s
2025-08-22 10:18:21,436 - backend - INFO - GET /health - 200 - 0.264s
2025-08-22 10:18:21,975 - backend - INFO - GET /database/info - 200 - 0.532s
2025-08-22 10:18:42,304 - backend - INFO - PROCESSING REQUEST: 2025-06-29 to 2025-06-29 (original)
2025-08-22 10:18:42,569 - backend - INFO - Database MISS for 2025-06-29 (original)
2025-08-22 10:18:42,569 - backend - INFO - Database analysis for 2025-06-29 to 2025-06-29: 0 existing, 1 missing
2025-08-22 10:18:42,570 - backend - INFO - DATABASE ANALYSIS: Existing dates: [], Missing dates: ['2025-06-29'], Existing events: 0
2025-08-22 10:18:42,570 - backend - INFO - SCRAPING MISSING DATES: ['2025-06-29']
2025-08-22 10:18:43,252 - websocket - INFO - Websocket connected
2025-08-22 10:18:43,256 - websocket - INFO - Websocket connected
2025-08-22 10:18:43,298 - backend - INFO - SCRAPER: Scraping date: 2025-06-29
2025-08-22 10:18:43,298 - backend - INFO - SCRAPER: Scraping URL (attempt 1): https://www.forexfactory.com/calendar?day=jun29.2025
2025-08-22 10:18:51,504 - backend - INFO - SCRAPER: No calendar table found for 2025-06-29
2025-08-22 10:18:56,505 - backend - INFO - SCRAPER: Scraping URL (attempt 2): https://www.forexfactory.com/calendar?day=jun29.2025
2025-08-22 10:19:01,712 - backend - INFO - SCRAPER: No calendar table found for 2025-06-29
2025-08-22 10:19:06,713 - backend - INFO - SCRAPER: Scraping URL (attempt 3): https://www.forexfactory.com/calendar?day=jun29.2025
2025-08-22 10:19:11,914 - backend - INFO - SCRAPER: No calendar table found for 2025-06-29
2025-08-22 10:19:16,165 - backend - INFO - SCRAPER: Found 2 rows using selector: tr.calendar__row:not(.calendar__details)
2025-08-22 10:19:16,165 - backend - INFO - SCRAPER: Processing 2 rows for 2025-06-29
2025-08-22 10:22:51,968 - backend - INFO - SCRAPER: Successfully scraped 0 events for 2025-06-29
2025-08-22 10:22:55,545 - websocket - ERROR - Connection to remote host was lost. - goodbye
2025-08-22 10:22:56,041 - backend - INFO - SCRAPED: 0 events for missing dates
2025-08-22 10:22:56,834 - backend - INFO - SAVED TO DB: 0 events for 2025-06-29 (original + paraphrased)
2025-08-22 10:22:56,834 - backend - INFO - RESPONSE: 0 events from scrape in 254530ms
2025-08-22 10:22:56,842 - backend - INFO - GET /events - 200 - 254.540s
2025-08-22 10:22:57,643 - backend - INFO - GET /health - 200 - 0.799s
2025-08-22 10:22:57,909 - backend - INFO - GET /health - 200 - 0.799s
2025-08-22 10:22:57,910 - backend - INFO - GET /health - 200 - 0.534s
2025-08-22 10:22:57,911 - backend - INFO - GET /health - 200 - 0.534s
2025-08-22 10:22:58,177 - backend - INFO - GET /health - 200 - 0.264s
2025-08-22 10:22:58,451 - backend - INFO - GET /health - 200 - 0.272s
2025-08-22 10:22:58,718 - backend - INFO - GET /health - 200 - 0.264s
2025-08-22 10:22:59,251 - backend - INFO - GET /database/info - 200 - 0.534s
2025-08-22 10:22:59,787 - backend - INFO - GET /database/info - 200 - 0.531s
2025-08-22 10:23:40,270 - backend - INFO - PROCESSING REQUEST: 2025-06-28 to 2025-06-29 (original)
2025-08-22 10:23:40,799 - backend - INFO - Database HIT for 2025-06-28 (original): 1 events
2025-08-22 10:23:41,063 - backend - INFO - Database HIT for 2025-06-29 (original): 0 events
2025-08-22 10:23:41,063 - backend - INFO - Database analysis for 2025-06-28 to 2025-06-29: 2 existing, 0 missing
2025-08-22 10:23:41,063 - backend - INFO - DATABASE ANALYSIS: Existing dates: ['2025-06-28', '2025-06-29'], Missing dates: [], Existing events: 1
2025-08-22 10:23:41,063 - backend - INFO - RESPONSE: 1 events from database in 793ms
2025-08-22 10:23:41,066 - backend - INFO - GET /events - 200 - 0.796s
2025-08-22 10:23:51,317 - backend - INFO - PROCESSING REQUEST: 2025-06-29 to 2025-06-29 (original)
2025-08-22 10:23:51,583 - backend - INFO - Database HIT for 2025-06-29 (original): 0 events
2025-08-22 10:23:51,583 - backend - INFO - Database analysis for 2025-06-29 to 2025-06-29: 1 existing, 0 missing
2025-08-22 10:23:51,583 - backend - INFO - DATABASE ANALYSIS: Existing dates: ['2025-06-29'], Missing dates: [], Existing events: 0
2025-08-22 10:23:51,584 - backend - INFO - RESPONSE: 0 events from database in 266ms
2025-08-22 10:23:51,584 - backend - INFO - GET /events - 200 - 0.267s
2025-08-22 10:25:35,189 - backend - INFO - Shutting down Forex Factory Scraper API...
2025-08-22 10:59:12,657 - __main__ - INFO - Redis database connection successful
2025-08-22 10:59:12,665 - __main__ - INFO - Starting FastAPI Forex Factory Scraper on port 8000...
2025-08-22 10:59:14,044 - backend - INFO - Redis database connection successful
2025-08-22 10:59:14,052 - backend - INFO - Starting Forex Factory Scraper API...
2025-08-22 10:59:14,053 - backend - INFO - Redis database connection established
2025-08-22 10:59:14,053 - backend - INFO - Loading paraphrase model...
2025-08-22 10:59:14,055 - sentence_transformers.SentenceTransformer - INFO - Use pytorch device_name: cpu
2025-08-22 10:59:14,056 - sentence_transformers.SentenceTransformer - INFO - Load pretrained SentenceTransformer: sentence-transformers/paraphrase-MiniLM-L3-v2
2025-08-22 10:59:17,394 - backend - INFO - Paraphrase model loaded successfully
2025-08-22 11:00:03,827 - backend - INFO - PROCESSING REQUEST: 2025-08-03 to 2025-08-03 (original)
2025-08-22 11:00:04,344 - backend - INFO - Database HIT for 2025-08-03 (original): 0 events
2025-08-22 11:00:04,345 - backend - INFO - Database analysis for 2025-08-03 to 2025-08-03: 1 existing, 0 missing
2025-08-22 11:00:04,345 - backend - INFO - DATABASE ANALYSIS: Existing dates: ['2025-08-03'], Missing dates: [], Existing events: 0
2025-08-22 11:00:04,345 - backend - INFO - RESPONSE: 0 events from database in 519ms
2025-08-22 11:00:04,347 - backend - INFO - GET /events - 200 - 0.521s
2025-08-22 11:01:02,400 - backend - INFO - GET /health - 200 - 0.516s
2025-08-22 11:01:13,631 - backend - INFO - PROCESSING REQUEST: 2025-08-01 to 2025-08-01 (original)
2025-08-22 11:01:13,893 - backend - INFO - Database HIT for 2025-08-01 (original): 28 events
2025-08-22 11:01:13,894 - backend - INFO - Database analysis for 2025-08-01 to 2025-08-01: 1 existing, 0 missing
2025-08-22 11:01:13,894 - backend - INFO - DATABASE ANALYSIS: Existing dates: ['2025-08-01'], Missing dates: [], Existing events: 28
2025-08-22 11:01:13,895 - backend - INFO - RESPONSE: 28 events from database in 264ms
2025-08-22 11:01:13,902 - backend - INFO - GET /events - 200 - 0.272s
2025-08-22 11:01:28,264 - backend - INFO - PROCESSING REQUEST: 2025-08-05 to 2025-08-05 (original)
2025-08-22 11:01:28,788 - backend - INFO - Database HIT for 2025-08-05 (original): 21 events
2025-08-22 11:01:28,791 - backend - INFO - Database analysis for 2025-08-05 to 2025-08-05: 1 existing, 0 missing
2025-08-22 11:01:28,791 - backend - INFO - DATABASE ANALYSIS: Existing dates: ['2025-08-05'], Missing dates: [], Existing events: 21
2025-08-22 11:01:28,792 - backend - INFO - RESPONSE: 21 events from database in 528ms
2025-08-22 11:01:28,793 - backend - INFO - GET /events - 200 - 0.530s
2025-08-22 11:01:39,257 - backend - INFO - PROCESSING REQUEST: 2025-08-06 to 2025-08-06 (original)
2025-08-22 11:01:39,515 - backend - INFO - Database MISS for 2025-08-06 (original)
2025-08-22 11:01:39,515 - backend - INFO - Database analysis for 2025-08-06 to 2025-08-06: 0 existing, 1 missing
2025-08-22 11:01:39,516 - backend - INFO - DATABASE ANALYSIS: Existing dates: [], Missing dates: ['2025-08-06'], Existing events: 0
2025-08-22 11:01:39,516 - backend - INFO - SCRAPING MISSING DATES: ['2025-08-06']
2025-08-22 11:01:40,148 - websocket - INFO - Websocket connected
2025-08-22 11:01:40,153 - websocket - INFO - Websocket connected
2025-08-22 11:01:40,158 - backend - INFO - SCRAPER: Scraping date: 2025-08-06
2025-08-22 11:01:40,158 - backend - INFO - SCRAPER: Scraping URL (attempt 1): https://www.forexfactory.com/calendar?day=aug6.2025
2025-08-22 11:01:51,548 - backend - INFO - SCRAPER: No calendar table found for 2025-08-06
2025-08-22 11:01:54,152 - websocket - ERROR - Connection to remote host was lost. - goodbye
2025-08-22 11:01:54,545 - backend - INFO - SCRAPED: 0 events for missing dates
2025-08-22 11:01:55,069 - backend - INFO - SAVED TO DB: 0 events for 2025-08-06 (original + paraphrased)
2025-08-22 11:01:55,069 - backend - INFO - RESPONSE: 0 events from scrape in 15811ms
2025-08-22 11:01:55,070 - backend - INFO - GET /events - 200 - 15.814s
2025-08-22 11:04:58,106 - backend - INFO - PROCESSING REQUEST: 2025-07-20 to 2025-07-20 (original)
2025-08-22 11:04:58,621 - backend - INFO - Database MISS for 2025-07-20 (original)
2025-08-22 11:04:58,621 - backend - INFO - Database analysis for 2025-07-20 to 2025-07-20: 0 existing, 1 missing
2025-08-22 11:04:58,622 - backend - INFO - DATABASE ANALYSIS: Existing dates: [], Missing dates: ['2025-07-20'], Existing events: 0
2025-08-22 11:04:58,622 - backend - INFO - SCRAPING MISSING DATES: ['2025-07-20']
2025-08-22 11:04:59,197 - websocket - INFO - Websocket connected
2025-08-22 11:04:59,201 - websocket - INFO - Websocket connected
2025-08-22 11:04:59,211 - backend - INFO - SCRAPER: Scraping date: 2025-07-20
2025-08-22 11:04:59,212 - backend - INFO - SCRAPER: Scraping URL (attempt 1): https://www.forexfactory.com/calendar?day=jul20.2025
2025-08-22 11:05:07,547 - backend - INFO - SCRAPER: No calendar table found for 2025-07-20
2025-08-22 11:05:10,692 - websocket - ERROR - Connection to remote host was lost. - goodbye
2025-08-22 11:05:11,110 - backend - INFO - SCRAPED: 0 events for missing dates
2025-08-22 11:05:11,625 - backend - INFO - SAVED TO DB: 0 events for 2025-07-20 (original + paraphrased)
2025-08-22 11:05:11,626 - backend - INFO - RESPONSE: 0 events from scrape in 13520ms
2025-08-22 11:05:11,627 - backend - INFO - GET /events - 200 - 13.522s
2025-08-22 11:06:11,410 - backend - INFO - PROCESSING REQUEST: 2025-07-21 to 2025-07-21 (original)
2025-08-22 11:06:11,925 - backend - INFO - Database MISS for 2025-07-21 (original)
2025-08-22 11:06:11,925 - backend - INFO - Database analysis for 2025-07-21 to 2025-07-21: 0 existing, 1 missing
2025-08-22 11:06:11,925 - backend - INFO - DATABASE ANALYSIS: Existing dates: [], Missing dates: ['2025-07-21'], Existing events: 0
2025-08-22 11:06:11,925 - backend - INFO - SCRAPING MISSING DATES: ['2025-07-21']
2025-08-22 11:06:12,495 - websocket - INFO - Websocket connected
2025-08-22 11:06:12,500 - websocket - INFO - Websocket connected
2025-08-22 11:06:12,523 - backend - INFO - SCRAPER: Scraping date: 2025-07-21
2025-08-22 11:06:12,524 - backend - INFO - SCRAPER: Scraping URL (attempt 1): https://www.forexfactory.com/calendar?day=jul21.2025
2025-08-22 11:06:21,318 - backend - INFO - SCRAPER: No calendar table found for 2025-07-21
2025-08-22 11:06:23,649 - websocket - ERROR - Connection to remote host was lost. - goodbye
2025-08-22 11:06:24,032 - backend - INFO - SCRAPED: 0 events for missing dates
2025-08-22 11:06:24,549 - backend - INFO - SAVED TO DB: 0 events for 2025-07-21 (original + paraphrased)
2025-08-22 11:06:24,549 - backend - INFO - RESPONSE: 0 events from scrape in 13140ms
2025-08-22 11:06:24,550 - backend - INFO - GET /events - 200 - 13.141s
2025-08-22 11:06:29,159 - backend - INFO - Shutting down Forex Factory Scraper API...
2025-08-22 11:09:53,685 - __main__ - INFO - Redis database connection successful
2025-08-22 11:09:53,699 - __main__ - INFO - Starting FastAPI Forex Factory Scraper on port 8000...
2025-08-22 11:09:55,080 - backend - INFO - Redis database connection successful
2025-08-22 11:09:55,087 - backend - INFO - Starting Forex Factory Scraper API...
2025-08-22 11:09:55,088 - backend - INFO - Redis database connection established
2025-08-22 11:09:55,089 - backend - INFO - Loading paraphrase model...
2025-08-22 11:09:55,091 - sentence_transformers.SentenceTransformer - INFO - Use pytorch device_name: cpu
2025-08-22 11:09:55,092 - sentence_transformers.SentenceTransformer - INFO - Load pretrained SentenceTransformer: sentence-transformers/paraphrase-MiniLM-L3-v2
2025-08-22 11:09:59,441 - backend - INFO - Paraphrase model loaded successfully
2025-08-22 11:10:11,083 - backend - INFO - PROCESSING REQUEST: 2025-07-22 to 2025-07-22 (original)
2025-08-22 11:10:11,369 - backend - INFO - Database MISS for 2025-07-22 (original)
2025-08-22 11:10:11,370 - backend - INFO - Database analysis for 2025-07-22 to 2025-07-22: 0 existing, 1 missing
2025-08-22 11:10:11,370 - backend - INFO - DATABASE ANALYSIS: Existing dates: [], Missing dates: ['2025-07-22'], Existing events: 0
2025-08-22 11:10:11,370 - backend - INFO - SCRAPING MISSING DATES: ['2025-07-22']
2025-08-22 11:10:11,969 - websocket - INFO - Websocket connected
2025-08-22 11:10:11,973 - websocket - INFO - Websocket connected
2025-08-22 11:10:11,979 - backend - INFO - SCRAPER: Scraping date: 2025-07-22
2025-08-22 11:10:11,979 - backend - INFO - SCRAPER: Scraping URL (attempt 1): https://www.forexfactory.com/calendar?day=jul22.2025
2025-08-22 11:10:20,832 - backend - INFO - SCRAPER: No calendar table found for 2025-07-22
2025-08-22 11:10:25,841 - backend - INFO - SCRAPER: Scraping URL (attempt 2): https://www.forexfactory.com/calendar?day=jul22.2025
2025-08-22 11:10:34,520 - backend - INFO - SCRAPER: No calendar table found for 2025-07-22
2025-08-22 11:10:39,523 - backend - INFO - SCRAPER: Scraping URL (attempt 3): https://www.forexfactory.com/calendar?day=jul22.2025
2025-08-22 11:10:45,511 - backend - INFO - SCRAPER: No calendar table found for 2025-07-22
2025-08-22 11:10:48,303 - websocket - ERROR - Connection to remote host was lost. - goodbye
2025-08-22 11:10:48,734 - backend - INFO - SCRAPED: 0 events for missing dates
2025-08-22 11:10:49,524 - backend - INFO - SAVED TO DB: 0 events for 2025-07-22 (original + paraphrased)
2025-08-22 11:10:49,525 - backend - INFO - RESPONSE: 0 events from scrape in 38443ms
2025-08-22 11:10:49,526 - backend - INFO - GET /events - 200 - 38.444s
2025-08-22 11:12:15,404 - backend - INFO - PROCESSING REQUEST: 2025-07-23 to 2025-07-23 (paraphrased)
2025-08-22 11:12:15,910 - backend - INFO - Database MISS for 2025-07-23 (paraphrased)
2025-08-22 11:12:15,911 - backend - INFO - Database analysis for 2025-07-23 to 2025-07-23: 0 existing, 1 missing
2025-08-22 11:12:15,911 - backend - INFO - DATABASE ANALYSIS: Existing dates: [], Missing dates: ['2025-07-23'], Existing events: 0
2025-08-22 11:12:15,911 - backend - INFO - SCRAPING MISSING DATES: ['2025-07-23']
2025-08-22 11:12:16,479 - websocket - INFO - Websocket connected
2025-08-22 11:12:16,483 - websocket - INFO - Websocket connected
2025-08-22 11:12:16,544 - backend - INFO - SCRAPER: Scraping date: 2025-07-23
2025-08-22 11:12:16,544 - backend - INFO - SCRAPER: Scraping URL (attempt 1): https://www.forexfactory.com/calendar?day=jul23.2025
2025-08-22 11:12:26,334 - backend - INFO - SCRAPER: No calendar table found for 2025-07-23
2025-08-22 11:12:31,347 - backend - INFO - SCRAPER: Scraping URL (attempt 2): https://www.forexfactory.com/calendar?day=jul23.2025
2025-08-22 11:12:36,666 - backend - INFO - SCRAPER: No calendar table found for 2025-07-23
2025-08-22 11:12:41,679 - backend - INFO - SCRAPER: Scraping URL (attempt 3): https://www.forexfactory.com/calendar?day=jul23.2025
2025-08-22 11:12:48,548 - backend - INFO - SCRAPER: No calendar table found for 2025-07-23
2025-08-22 11:12:51,836 - websocket - ERROR - Connection to remote host was lost. - goodbye
2025-08-22 11:12:52,274 - backend - INFO - SCRAPED: 0 events for missing dates
2025-08-22 11:12:53,031 - backend - INFO - SAVED TO DB: 0 events for 2025-07-23 (original + paraphrased)
2025-08-22 11:12:53,032 - backend - INFO - RESPONSE: 0 events from scrape in 37627ms
2025-08-22 11:12:53,033 - backend - INFO - GET /events - 200 - 37.629s
2025-08-22 11:13:25,694 - backend - INFO - PROCESSING REQUEST: 2025-07-24 to 2025-07-24 (paraphrased)
2025-08-22 11:13:26,200 - backend - INFO - Database MISS for 2025-07-24 (paraphrased)
2025-08-22 11:13:26,201 - backend - INFO - Database analysis for 2025-07-24 to 2025-07-24: 0 existing, 1 missing
2025-08-22 11:13:26,201 - backend - INFO - DATABASE ANALYSIS: Existing dates: [], Missing dates: ['2025-07-24'], Existing events: 0
2025-08-22 11:13:26,201 - backend - INFO - SCRAPING MISSING DATES: ['2025-07-24']
2025-08-22 11:13:26,778 - websocket - INFO - Websocket connected
2025-08-22 11:13:26,782 - websocket - INFO - Websocket connected
2025-08-22 11:13:26,786 - backend - INFO - SCRAPER: Scraping date: 2025-07-24
2025-08-22 11:13:26,787 - backend - INFO - SCRAPER: Scraping URL (attempt 1): https://www.forexfactory.com/calendar?day=jul24.2025
2025-08-22 11:13:34,194 - backend - INFO - SCRAPER: No calendar table found for 2025-07-24
2025-08-22 11:13:39,205 - backend - INFO - SCRAPER: Scraping URL (attempt 2): https://www.forexfactory.com/calendar?day=jul24.2025
2025-08-22 11:13:47,446 - backend - INFO - SCRAPER: No calendar table found for 2025-07-24
2025-08-22 11:13:52,452 - backend - INFO - SCRAPER: Scraping URL (attempt 3): https://www.forexfactory.com/calendar?day=jul24.2025
2025-08-22 11:14:03,797 - backend - INFO - SCRAPER: No calendar table found for 2025-07-24
2025-08-22 11:14:06,873 - websocket - ERROR - Connection to remote host was lost. - goodbye
2025-08-22 11:14:07,283 - backend - INFO - SCRAPED: 0 events for missing dates
2025-08-22 11:14:08,086 - backend - INFO - SAVED TO DB: 0 events for 2025-07-24 (original + paraphrased)
2025-08-22 11:14:08,087 - backend - INFO - RESPONSE: 0 events from scrape in 42393ms
2025-08-22 11:14:08,087 - backend - INFO - GET /events - 200 - 42.394s
2025-08-22 11:14:32,409 - backend - INFO - PROCESSING REQUEST: 2025-07-25 to 2025-07-25 (paraphrased)
2025-08-22 11:14:32,663 - backend - INFO - Database MISS for 2025-07-25 (paraphrased)
2025-08-22 11:14:32,664 - backend - INFO - Database analysis for 2025-07-25 to 2025-07-25: 0 existing, 1 missing
2025-08-22 11:14:32,664 - backend - INFO - DATABASE ANALYSIS: Existing dates: [], Missing dates: ['2025-07-25'], Existing events: 0
2025-08-22 11:14:32,664 - backend - INFO - SCRAPING MISSING DATES: ['2025-07-25']
2025-08-22 11:14:33,232 - websocket - INFO - Websocket connected
2025-08-22 11:14:33,236 - websocket - INFO - Websocket connected
2025-08-22 11:14:33,240 - backend - INFO - SCRAPER: Scraping date: 2025-07-25
2025-08-22 11:14:33,241 - backend - INFO - SCRAPER: Scraping URL (attempt 1): https://www.forexfactory.com/calendar?day=jul25.2025
2025-08-22 11:14:44,443 - backend - INFO - SCRAPER: No calendar table found for 2025-07-25
2025-08-22 11:14:49,453 - backend - INFO - SCRAPER: Scraping URL (attempt 2): https://www.forexfactory.com/calendar?day=jul25.2025
2025-08-22 11:14:58,546 - backend - INFO - SCRAPER: No calendar table found for 2025-07-25
2025-08-22 11:15:03,555 - backend - INFO - SCRAPER: Scraping URL (attempt 3): https://www.forexfactory.com/calendar?day=jul25.2025
2025-08-22 11:15:12,067 - backend - INFO - SCRAPER: No calendar table found for 2025-07-25
2025-08-22 11:15:15,503 - websocket - ERROR - Connection to remote host was lost. - goodbye
2025-08-22 11:15:15,911 - backend - INFO - SCRAPED: 0 events for missing dates
2025-08-22 11:15:16,671 - backend - INFO - SAVED TO DB: 0 events for 2025-07-25 (original + paraphrased)
2025-08-22 11:15:16,672 - backend - INFO - RESPONSE: 0 events from scrape in 44263ms
2025-08-22 11:15:16,673 - backend - INFO - GET /events - 200 - 44.266s
2025-08-22 11:15:57,327 - backend - INFO - PROCESSING REQUEST: 2025-07-26 to 2025-07-26 (paraphrased)
2025-08-22 11:15:57,861 - backend - INFO - Database MISS for 2025-07-26 (paraphrased)
2025-08-22 11:15:57,862 - backend - INFO - Database analysis for 2025-07-26 to 2025-07-26: 0 existing, 1 missing
2025-08-22 11:15:57,862 - backend - INFO - DATABASE ANALYSIS: Existing dates: [], Missing dates: ['2025-07-26'], Existing events: 0
2025-08-22 11:15:57,862 - backend - INFO - SCRAPING MISSING DATES: ['2025-07-26']
2025-08-22 11:15:58,442 - websocket - INFO - Websocket connected
2025-08-22 11:15:58,447 - websocket - INFO - Websocket connected
2025-08-22 11:15:58,452 - backend - INFO - SCRAPER: Scraping date: 2025-07-26
2025-08-22 11:15:58,453 - backend - INFO - SCRAPER: Scraping URL (attempt 1): https://www.forexfactory.com/calendar?day=jul26.2025
2025-08-22 11:16:08,952 - backend - INFO - SCRAPER: No calendar table found for 2025-07-26
2025-08-22 11:16:13,954 - backend - INFO - SCRAPER: Scraping URL (attempt 2): https://www.forexfactory.com/calendar?day=jul26.2025
2025-08-22 11:16:22,778 - backend - INFO - SCRAPER: No calendar table found for 2025-07-26
2025-08-22 11:16:27,785 - backend - INFO - SCRAPER: Scraping URL (attempt 3): https://www.forexfactory.com/calendar?day=jul26.2025
2025-08-22 11:16:33,913 - backend - INFO - SCRAPER: No calendar table found for 2025-07-26
2025-08-22 11:16:36,683 - websocket - ERROR - Connection to remote host was lost. - goodbye
2025-08-22 11:16:37,144 - backend - INFO - SCRAPED: 0 events for missing dates
2025-08-22 11:16:37,956 - backend - INFO - SAVED TO DB: 0 events for 2025-07-26 (original + paraphrased)
2025-08-22 11:16:37,957 - backend - INFO - RESPONSE: 0 events from scrape in 40630ms
2025-08-22 11:16:37,957 - backend - INFO - GET /events - 200 - 40.630s
